2021-03-16 09:36:13.758 [main] INFO  com.sise.wangzhan.generator.GeneratorApplication - Starting GeneratorApplication on DESKTOP-BC3OTIJ with PID 14964 (E:\software\IDEA\vue_GraduationProjectTest\generator\target\classes started by acer in E:\software\IDEA\vue_GraduationProjectTest\generator)
2021-03-16 09:36:13.764 [main] INFO  com.sise.wangzhan.generator.GeneratorApplication - The following profiles are active: dev
2021-03-16 09:36:16.496 [main] INFO  o.s.boot.web.embedded.tomcat.TomcatWebServer - Tomcat initialized with port(s): 8081 (http)
2021-03-16 09:36:16.503 [main] INFO  org.apache.coyote.http11.Http11NioProtocol - Initializing ProtocolHandler ["http-nio-8081"]
2021-03-16 09:36:16.504 [main] INFO  org.apache.catalina.core.StandardService - Starting service [Tomcat]
2021-03-16 09:36:16.747 [main] INFO  org.apache.catalina.core.StandardEngine - Starting Servlet engine: [Apache Tomcat/9.0.38]
2021-03-16 09:36:16.820 [main] INFO  o.a.c.core.ContainerBase.[Tomcat].[localhost].[/] - Initializing Spring embedded WebApplicationContext
2021-03-16 09:36:16.820 [main] INFO  o.s.b.w.s.c.ServletWebServerApplicationContext - Root WebApplicationContext: initialization completed in 3016 ms
2021-03-16 09:36:17.868 [main] INFO  s.d.s.w.PropertySourcedRequestMappingHandlerMapping - Mapped URL path [/v2/api-docs] onto method [springfox.documentation.swagger2.web.Swagger2Controller#getDocumentation(String, HttpServletRequest)]
2021-03-16 09:36:17.937 [main] INFO  o.s.scheduling.concurrent.ThreadPoolTaskExecutor - Initializing ExecutorService 'applicationTaskExecutor'
2021-03-16 09:36:18.174 [main] INFO  org.apache.coyote.http11.Http11NioProtocol - Starting ProtocolHandler ["http-nio-8081"]
2021-03-16 09:36:18.193 [main] INFO  o.s.boot.web.embedded.tomcat.TomcatWebServer - Tomcat started on port(s): 8081 (http) with context path ''
2021-03-16 09:36:18.194 [main] INFO  s.d.s.web.plugins.DocumentationPluginsBootstrapper - Context refreshed
2021-03-16 09:36:18.210 [main] INFO  s.d.s.web.plugins.DocumentationPluginsBootstrapper - Found 1 custom documentation plugin(s)
2021-03-16 09:36:18.242 [main] INFO  s.d.spring.web.scanners.ApiListingReferenceScanner - Scanning for api listing references
2021-03-16 09:36:18.368 [main] INFO  com.sise.wangzhan.generator.GeneratorApplication - Started GeneratorApplication in 5.908 seconds (JVM running for 8.0)
2021-03-16 09:46:17.695 [http-nio-8081-exec-1] INFO  o.a.c.core.ContainerBase.[Tomcat].[localhost].[/] - Initializing Spring DispatcherServlet 'dispatcherServlet'
2021-03-16 09:46:17.695 [http-nio-8081-exec-1] INFO  org.springframework.web.servlet.DispatcherServlet - Initializing Servlet 'dispatcherServlet'
2021-03-16 09:46:17.702 [http-nio-8081-exec-1] INFO  org.springframework.web.servlet.DispatcherServlet - Completed initialization in 6 ms
2021-03-16 09:46:17.859 [http-nio-8081-exec-1] INFO  com.zaxxer.hikari.HikariDataSource - HikariPool-1 - Starting...
2021-03-16 09:46:18.048 [http-nio-8081-exec-1] INFO  com.zaxxer.hikari.HikariDataSource - HikariPool-1 - Start completed.
2021-03-16 09:54:12.682 [main] INFO  com.sise.wangzhan.generator.GeneratorApplication - Starting GeneratorApplication on DESKTOP-BC3OTIJ with PID 2240 (E:\software\IDEA\vue_GraduationProjectTest\generator\target\classes started by acer in E:\software\IDEA\vue_GraduationProjectTest\generator)
2021-03-16 09:54:12.686 [main] INFO  com.sise.wangzhan.generator.GeneratorApplication - The following profiles are active: dev
2021-03-16 09:54:14.122 [main] INFO  o.s.boot.web.embedded.tomcat.TomcatWebServer - Tomcat initialized with port(s): 8081 (http)
2021-03-16 09:54:14.132 [main] INFO  org.apache.coyote.http11.Http11NioProtocol - Initializing ProtocolHandler ["http-nio-8081"]
2021-03-16 09:54:14.132 [main] INFO  org.apache.catalina.core.StandardService - Starting service [Tomcat]
2021-03-16 09:54:14.133 [main] INFO  org.apache.catalina.core.StandardEngine - Starting Servlet engine: [Apache Tomcat/9.0.38]
2021-03-16 09:54:14.223 [main] INFO  o.a.c.core.ContainerBase.[Tomcat].[localhost].[/] - Initializing Spring embedded WebApplicationContext
2021-03-16 09:54:14.223 [main] INFO  o.s.b.w.s.c.ServletWebServerApplicationContext - Root WebApplicationContext: initialization completed in 1464 ms
2021-03-16 09:54:15.542 [main] INFO  s.d.s.w.PropertySourcedRequestMappingHandlerMapping - Mapped URL path [/v2/api-docs] onto method [springfox.documentation.swagger2.web.Swagger2Controller#getDocumentation(String, HttpServletRequest)]
2021-03-16 09:54:15.627 [main] INFO  o.s.scheduling.concurrent.ThreadPoolTaskExecutor - Initializing ExecutorService 'applicationTaskExecutor'
2021-03-16 09:54:15.850 [main] INFO  org.apache.coyote.http11.Http11NioProtocol - Starting ProtocolHandler ["http-nio-8081"]
2021-03-16 09:54:15.871 [main] INFO  o.s.boot.web.embedded.tomcat.TomcatWebServer - Tomcat started on port(s): 8081 (http) with context path ''
2021-03-16 09:54:15.872 [main] INFO  s.d.s.web.plugins.DocumentationPluginsBootstrapper - Context refreshed
2021-03-16 09:54:15.889 [main] INFO  s.d.s.web.plugins.DocumentationPluginsBootstrapper - Found 1 custom documentation plugin(s)
2021-03-16 09:54:15.922 [main] INFO  s.d.spring.web.scanners.ApiListingReferenceScanner - Scanning for api listing references
2021-03-16 09:54:16.045 [main] INFO  com.sise.wangzhan.generator.GeneratorApplication - Started GeneratorApplication in 4.023 seconds (JVM running for 5.859)
2021-03-16 09:55:04.835 [http-nio-8081-exec-1] INFO  o.a.c.core.ContainerBase.[Tomcat].[localhost].[/] - Initializing Spring DispatcherServlet 'dispatcherServlet'
2021-03-16 09:55:04.835 [http-nio-8081-exec-1] INFO  org.springframework.web.servlet.DispatcherServlet - Initializing Servlet 'dispatcherServlet'
2021-03-16 09:55:04.845 [http-nio-8081-exec-1] INFO  org.springframework.web.servlet.DispatcherServlet - Completed initialization in 10 ms
2021-03-16 09:55:04.988 [http-nio-8081-exec-1] INFO  com.zaxxer.hikari.HikariDataSource - HikariPool-1 - Starting...
2021-03-16 09:55:05.129 [http-nio-8081-exec-1] INFO  com.zaxxer.hikari.HikariDataSource - HikariPool-1 - Start completed.
2021-03-16 10:07:31.026 [main] INFO  com.sise.wangzhan.generator.GeneratorApplication - Starting GeneratorApplication on DESKTOP-BC3OTIJ with PID 5220 (E:\software\IDEA\vue_GraduationProjectTest\generator\target\classes started by acer in E:\software\IDEA\vue_GraduationProjectTest\generator)
2021-03-16 10:07:31.032 [main] INFO  com.sise.wangzhan.generator.GeneratorApplication - The following profiles are active: dev
2021-03-16 10:07:32.626 [main] INFO  o.s.boot.web.embedded.tomcat.TomcatWebServer - Tomcat initialized with port(s): 8081 (http)
2021-03-16 10:07:32.633 [main] INFO  org.apache.coyote.http11.Http11NioProtocol - Initializing ProtocolHandler ["http-nio-8081"]
2021-03-16 10:07:32.634 [main] INFO  org.apache.catalina.core.StandardService - Starting service [Tomcat]
2021-03-16 10:07:32.634 [main] INFO  org.apache.catalina.core.StandardEngine - Starting Servlet engine: [Apache Tomcat/9.0.38]
2021-03-16 10:07:32.739 [main] INFO  o.a.c.core.ContainerBase.[Tomcat].[localhost].[/] - Initializing Spring embedded WebApplicationContext
2021-03-16 10:07:32.740 [main] INFO  o.s.b.w.s.c.ServletWebServerApplicationContext - Root WebApplicationContext: initialization completed in 1600 ms
2021-03-16 10:07:33.758 [main] INFO  s.d.s.w.PropertySourcedRequestMappingHandlerMapping - Mapped URL path [/v2/api-docs] onto method [springfox.documentation.swagger2.web.Swagger2Controller#getDocumentation(String, HttpServletRequest)]
2021-03-16 10:07:33.827 [main] INFO  o.s.scheduling.concurrent.ThreadPoolTaskExecutor - Initializing ExecutorService 'applicationTaskExecutor'
2021-03-16 10:07:34.011 [main] INFO  org.apache.coyote.http11.Http11NioProtocol - Starting ProtocolHandler ["http-nio-8081"]
2021-03-16 10:07:34.031 [main] INFO  o.s.boot.web.embedded.tomcat.TomcatWebServer - Tomcat started on port(s): 8081 (http) with context path ''
2021-03-16 10:07:34.032 [main] INFO  s.d.s.web.plugins.DocumentationPluginsBootstrapper - Context refreshed
2021-03-16 10:07:34.047 [main] INFO  s.d.s.web.plugins.DocumentationPluginsBootstrapper - Found 1 custom documentation plugin(s)
2021-03-16 10:07:34.077 [main] INFO  s.d.spring.web.scanners.ApiListingReferenceScanner - Scanning for api listing references
2021-03-16 10:07:34.193 [main] INFO  com.sise.wangzhan.generator.GeneratorApplication - Started GeneratorApplication in 3.901 seconds (JVM running for 5.462)
2021-03-16 10:08:13.756 [http-nio-8081-exec-1] INFO  o.a.c.core.ContainerBase.[Tomcat].[localhost].[/] - Initializing Spring DispatcherServlet 'dispatcherServlet'
2021-03-16 10:08:13.756 [http-nio-8081-exec-1] INFO  org.springframework.web.servlet.DispatcherServlet - Initializing Servlet 'dispatcherServlet'
2021-03-16 10:08:13.763 [http-nio-8081-exec-1] INFO  org.springframework.web.servlet.DispatcherServlet - Completed initialization in 6 ms
2021-03-16 10:08:13.886 [http-nio-8081-exec-1] INFO  com.zaxxer.hikari.HikariDataSource - HikariPool-1 - Starting...
2021-03-16 10:08:14.006 [http-nio-8081-exec-1] INFO  com.zaxxer.hikari.HikariDataSource - HikariPool-1 - Start completed.
2021-03-16 11:31:56.313 [main] INFO  com.sise.wangzhan.generator.GeneratorApplication - Starting GeneratorApplication on DESKTOP-BC3OTIJ with PID 18136 (E:\software\IDEA\vue_GraduationProjectTest\generator\target\classes started by acer in E:\software\IDEA\vue_GraduationProjectTest\generator)
2021-03-16 11:31:56.319 [main] INFO  com.sise.wangzhan.generator.GeneratorApplication - The following profiles are active: dev
2021-03-16 11:31:58.012 [main] INFO  o.s.boot.web.embedded.tomcat.TomcatWebServer - Tomcat initialized with port(s): 8081 (http)
2021-03-16 11:31:58.022 [main] INFO  org.apache.coyote.http11.Http11NioProtocol - Initializing ProtocolHandler ["http-nio-8081"]
2021-03-16 11:31:58.023 [main] INFO  org.apache.catalina.core.StandardService - Starting service [Tomcat]
2021-03-16 11:31:58.024 [main] INFO  org.apache.catalina.core.StandardEngine - Starting Servlet engine: [Apache Tomcat/9.0.38]
2021-03-16 11:31:58.201 [main] INFO  o.a.c.core.ContainerBase.[Tomcat].[localhost].[/] - Initializing Spring embedded WebApplicationContext
2021-03-16 11:31:58.201 [main] INFO  o.s.b.w.s.c.ServletWebServerApplicationContext - Root WebApplicationContext: initialization completed in 1806 ms
2021-03-16 11:31:59.499 [main] INFO  s.d.s.w.PropertySourcedRequestMappingHandlerMapping - Mapped URL path [/v2/api-docs] onto method [springfox.documentation.swagger2.web.Swagger2Controller#getDocumentation(String, HttpServletRequest)]
2021-03-16 11:31:59.582 [main] INFO  o.s.scheduling.concurrent.ThreadPoolTaskExecutor - Initializing ExecutorService 'applicationTaskExecutor'
2021-03-16 11:31:59.828 [main] INFO  org.apache.coyote.http11.Http11NioProtocol - Starting ProtocolHandler ["http-nio-8081"]
2021-03-16 11:31:59.854 [main] INFO  o.s.boot.web.embedded.tomcat.TomcatWebServer - Tomcat started on port(s): 8081 (http) with context path ''
2021-03-16 11:31:59.856 [main] INFO  s.d.s.web.plugins.DocumentationPluginsBootstrapper - Context refreshed
2021-03-16 11:31:59.875 [main] INFO  s.d.s.web.plugins.DocumentationPluginsBootstrapper - Found 1 custom documentation plugin(s)
2021-03-16 11:31:59.913 [main] INFO  s.d.spring.web.scanners.ApiListingReferenceScanner - Scanning for api listing references
2021-03-16 11:32:00.089 [main] INFO  com.sise.wangzhan.generator.GeneratorApplication - Started GeneratorApplication in 4.598 seconds (JVM running for 6.111)
2021-03-16 11:32:27.340 [http-nio-8081-exec-1] INFO  o.a.c.core.ContainerBase.[Tomcat].[localhost].[/] - Initializing Spring DispatcherServlet 'dispatcherServlet'
2021-03-16 11:32:27.340 [http-nio-8081-exec-1] INFO  org.springframework.web.servlet.DispatcherServlet - Initializing Servlet 'dispatcherServlet'
2021-03-16 11:32:27.347 [http-nio-8081-exec-1] INFO  org.springframework.web.servlet.DispatcherServlet - Completed initialization in 7 ms
2021-03-16 11:32:52.618 [http-nio-8081-exec-5] INFO  com.zaxxer.hikari.HikariDataSource - HikariPool-1 - Starting...
2021-03-16 11:32:52.763 [http-nio-8081-exec-5] INFO  com.zaxxer.hikari.HikariDataSource - HikariPool-1 - Start completed.
2021-03-16 11:34:06.742 [main] INFO  com.sise.wangzhan.generator.GeneratorApplication - Starting GeneratorApplication on DESKTOP-BC3OTIJ with PID 19012 (E:\software\IDEA\vue_GraduationProjectTest\generator\target\classes started by acer in E:\software\IDEA\vue_GraduationProjectTest\generator)
2021-03-16 11:34:06.745 [main] INFO  com.sise.wangzhan.generator.GeneratorApplication - The following profiles are active: dev
2021-03-16 11:34:08.139 [main] INFO  o.s.boot.web.embedded.tomcat.TomcatWebServer - Tomcat initialized with port(s): 8081 (http)
2021-03-16 11:34:08.147 [main] INFO  org.apache.coyote.http11.Http11NioProtocol - Initializing ProtocolHandler ["http-nio-8081"]
2021-03-16 11:34:08.148 [main] INFO  org.apache.catalina.core.StandardService - Starting service [Tomcat]
2021-03-16 11:34:08.148 [main] INFO  org.apache.catalina.core.StandardEngine - Starting Servlet engine: [Apache Tomcat/9.0.38]
2021-03-16 11:34:08.231 [main] INFO  o.a.c.core.ContainerBase.[Tomcat].[localhost].[/] - Initializing Spring embedded WebApplicationContext
2021-03-16 11:34:08.232 [main] INFO  o.s.b.w.s.c.ServletWebServerApplicationContext - Root WebApplicationContext: initialization completed in 1436 ms
2021-03-16 11:34:09.362 [main] INFO  s.d.s.w.PropertySourcedRequestMappingHandlerMapping - Mapped URL path [/v2/api-docs] onto method [springfox.documentation.swagger2.web.Swagger2Controller#getDocumentation(String, HttpServletRequest)]
2021-03-16 11:34:09.473 [main] INFO  o.s.scheduling.concurrent.ThreadPoolTaskExecutor - Initializing ExecutorService 'applicationTaskExecutor'
2021-03-16 11:34:09.685 [main] INFO  org.apache.coyote.http11.Http11NioProtocol - Starting ProtocolHandler ["http-nio-8081"]
2021-03-16 11:34:09.704 [main] INFO  o.s.boot.web.embedded.tomcat.TomcatWebServer - Tomcat started on port(s): 8081 (http) with context path ''
2021-03-16 11:34:09.705 [main] INFO  s.d.s.web.plugins.DocumentationPluginsBootstrapper - Context refreshed
2021-03-16 11:34:09.719 [main] INFO  s.d.s.web.plugins.DocumentationPluginsBootstrapper - Found 1 custom documentation plugin(s)
2021-03-16 11:34:09.748 [main] INFO  s.d.spring.web.scanners.ApiListingReferenceScanner - Scanning for api listing references
2021-03-16 11:34:09.867 [main] INFO  com.sise.wangzhan.generator.GeneratorApplication - Started GeneratorApplication in 3.599 seconds (JVM running for 4.858)
