2021-03-15 20:26:01.684 [main] INFO  com.sise.wangzhan.generator.GeneratorApplication - Starting GeneratorApplication on DESKTOP-BC3OTIJ with PID 10584 (E:\software\IDEA\vue_GraduationProjectTest\generator\target\classes started by acer in E:\software\IDEA\vue_GraduationProjectTest\generator)
2021-03-15 20:26:01.693 [main] INFO  com.sise.wangzhan.generator.GeneratorApplication - The following profiles are active: dev
2021-03-15 20:26:03.171 [main] INFO  o.s.boot.web.embedded.tomcat.TomcatWebServer - Tomcat initialized with port(s): 8001 (http)
2021-03-15 20:26:03.179 [main] INFO  org.apache.coyote.http11.Http11NioProtocol - Initializing ProtocolHandler ["http-nio-8001"]
2021-03-15 20:26:03.180 [main] INFO  org.apache.catalina.core.StandardService - Starting service [Tomcat]
2021-03-15 20:26:03.181 [main] INFO  org.apache.catalina.core.StandardEngine - Starting Servlet engine: [Apache Tomcat/9.0.38]
2021-03-15 20:26:03.259 [main] INFO  o.a.c.core.ContainerBase.[Tomcat].[localhost].[/] - Initializing Spring embedded WebApplicationContext
2021-03-15 20:26:03.259 [main] INFO  o.s.b.w.s.c.ServletWebServerApplicationContext - Root WebApplicationContext: initialization completed in 1485 ms
2021-03-15 20:26:04.425 [main] INFO  s.d.s.w.PropertySourcedRequestMappingHandlerMapping - Mapped URL path [/v2/api-docs] onto method [springfox.documentation.swagger2.web.Swagger2Controller#getDocumentation(String, HttpServletRequest)]
2021-03-15 20:26:04.499 [main] INFO  o.s.scheduling.concurrent.ThreadPoolTaskExecutor - Initializing ExecutorService 'applicationTaskExecutor'
2021-03-15 20:26:04.744 [main] INFO  org.apache.coyote.http11.Http11NioProtocol - Starting ProtocolHandler ["http-nio-8001"]
2021-03-15 20:26:04.769 [main] INFO  o.s.boot.web.embedded.tomcat.TomcatWebServer - Tomcat started on port(s): 8001 (http) with context path ''
2021-03-15 20:26:04.771 [main] INFO  s.d.s.web.plugins.DocumentationPluginsBootstrapper - Context refreshed
2021-03-15 20:26:04.791 [main] INFO  s.d.s.web.plugins.DocumentationPluginsBootstrapper - Found 1 custom documentation plugin(s)
2021-03-15 20:26:04.833 [main] INFO  s.d.spring.web.scanners.ApiListingReferenceScanner - Scanning for api listing references
2021-03-15 20:26:04.973 [main] INFO  com.sise.wangzhan.generator.GeneratorApplication - Started GeneratorApplication in 4.067 seconds (JVM running for 5.516)
2021-03-15 20:30:03.682 [main] INFO  com.sise.wangzhan.generator.GeneratorApplication - Starting GeneratorApplication on DESKTOP-BC3OTIJ with PID 19860 (E:\software\IDEA\vue_GraduationProjectTest\generator\target\classes started by acer in E:\software\IDEA\vue_GraduationProjectTest\generator)
2021-03-15 20:30:03.692 [main] INFO  com.sise.wangzhan.generator.GeneratorApplication - The following profiles are active: dev
2021-03-15 20:30:05.132 [main] INFO  o.s.boot.web.embedded.tomcat.TomcatWebServer - Tomcat initialized with port(s): 8081 (http)
2021-03-15 20:30:05.140 [main] INFO  org.apache.coyote.http11.Http11NioProtocol - Initializing ProtocolHandler ["http-nio-8081"]
2021-03-15 20:30:05.140 [main] INFO  org.apache.catalina.core.StandardService - Starting service [Tomcat]
2021-03-15 20:30:05.141 [main] INFO  org.apache.catalina.core.StandardEngine - Starting Servlet engine: [Apache Tomcat/9.0.38]
2021-03-15 20:30:05.221 [main] INFO  o.a.c.core.ContainerBase.[Tomcat].[localhost].[/] - Initializing Spring embedded WebApplicationContext
2021-03-15 20:30:05.221 [main] INFO  o.s.b.w.s.c.ServletWebServerApplicationContext - Root WebApplicationContext: initialization completed in 1401 ms
2021-03-15 20:30:06.190 [main] INFO  s.d.s.w.PropertySourcedRequestMappingHandlerMapping - Mapped URL path [/v2/api-docs] onto method [springfox.documentation.swagger2.web.Swagger2Controller#getDocumentation(String, HttpServletRequest)]
2021-03-15 20:30:06.262 [main] INFO  o.s.scheduling.concurrent.ThreadPoolTaskExecutor - Initializing ExecutorService 'applicationTaskExecutor'
2021-03-15 20:30:06.435 [main] INFO  org.apache.coyote.http11.Http11NioProtocol - Starting ProtocolHandler ["http-nio-8081"]
2021-03-15 20:30:06.452 [main] INFO  o.s.boot.web.embedded.tomcat.TomcatWebServer - Tomcat started on port(s): 8081 (http) with context path ''
2021-03-15 20:30:06.453 [main] INFO  s.d.s.web.plugins.DocumentationPluginsBootstrapper - Context refreshed
2021-03-15 20:30:06.467 [main] INFO  s.d.s.web.plugins.DocumentationPluginsBootstrapper - Found 1 custom documentation plugin(s)
2021-03-15 20:30:06.495 [main] INFO  s.d.spring.web.scanners.ApiListingReferenceScanner - Scanning for api listing references
2021-03-15 20:30:06.603 [main] INFO  com.sise.wangzhan.generator.GeneratorApplication - Started GeneratorApplication in 3.937 seconds (JVM running for 5.01)
2021-03-15 20:31:43.728 [http-nio-8081-exec-1] INFO  o.a.c.core.ContainerBase.[Tomcat].[localhost].[/] - Initializing Spring DispatcherServlet 'dispatcherServlet'
2021-03-15 20:31:43.728 [http-nio-8081-exec-1] INFO  org.springframework.web.servlet.DispatcherServlet - Initializing Servlet 'dispatcherServlet'
2021-03-15 20:31:43.734 [http-nio-8081-exec-1] INFO  org.springframework.web.servlet.DispatcherServlet - Completed initialization in 6 ms
2021-03-15 20:37:24.249 [main] INFO  com.sise.wangzhan.generator.GeneratorApplication - Starting GeneratorApplication on DESKTOP-BC3OTIJ with PID 17344 (E:\software\IDEA\vue_GraduationProjectTest\generator\target\classes started by acer in E:\software\IDEA\vue_GraduationProjectTest\generator)
2021-03-15 20:37:24.255 [main] INFO  com.sise.wangzhan.generator.GeneratorApplication - The following profiles are active: dev
2021-03-15 20:37:26.032 [main] INFO  o.s.boot.web.embedded.tomcat.TomcatWebServer - Tomcat initialized with port(s): 8081 (http)
2021-03-15 20:37:26.043 [main] INFO  org.apache.coyote.http11.Http11NioProtocol - Initializing ProtocolHandler ["http-nio-8081"]
2021-03-15 20:37:26.044 [main] INFO  org.apache.catalina.core.StandardService - Starting service [Tomcat]
2021-03-15 20:37:26.044 [main] INFO  org.apache.catalina.core.StandardEngine - Starting Servlet engine: [Apache Tomcat/9.0.38]
2021-03-15 20:37:26.144 [main] INFO  o.a.c.core.ContainerBase.[Tomcat].[localhost].[/] - Initializing Spring embedded WebApplicationContext
2021-03-15 20:37:26.144 [main] INFO  o.s.b.w.s.c.ServletWebServerApplicationContext - Root WebApplicationContext: initialization completed in 1720 ms
2021-03-15 20:37:27.435 [main] INFO  s.d.s.w.PropertySourcedRequestMappingHandlerMapping - Mapped URL path [/v2/api-docs] onto method [springfox.documentation.swagger2.web.Swagger2Controller#getDocumentation(String, HttpServletRequest)]
2021-03-15 20:37:27.515 [main] INFO  o.s.scheduling.concurrent.ThreadPoolTaskExecutor - Initializing ExecutorService 'applicationTaskExecutor'
2021-03-15 20:37:27.785 [main] INFO  org.apache.coyote.http11.Http11NioProtocol - Starting ProtocolHandler ["http-nio-8081"]
2021-03-15 20:37:27.806 [main] INFO  o.s.boot.web.embedded.tomcat.TomcatWebServer - Tomcat started on port(s): 8081 (http) with context path ''
2021-03-15 20:37:27.807 [main] INFO  s.d.s.web.plugins.DocumentationPluginsBootstrapper - Context refreshed
2021-03-15 20:37:27.825 [main] INFO  s.d.s.web.plugins.DocumentationPluginsBootstrapper - Found 1 custom documentation plugin(s)
2021-03-15 20:37:27.859 [main] INFO  s.d.spring.web.scanners.ApiListingReferenceScanner - Scanning for api listing references
2021-03-15 20:37:27.994 [main] INFO  com.sise.wangzhan.generator.GeneratorApplication - Started GeneratorApplication in 4.596 seconds (JVM running for 6.162)
2021-03-15 20:37:54.810 [main] INFO  com.sise.wangzhan.generator.GeneratorApplication - Starting GeneratorApplication on DESKTOP-BC3OTIJ with PID 19644 (E:\software\IDEA\vue_GraduationProjectTest\generator\target\classes started by acer in E:\software\IDEA\vue_GraduationProjectTest\generator)
2021-03-15 20:37:54.823 [main] INFO  com.sise.wangzhan.generator.GeneratorApplication - The following profiles are active: dev
2021-03-15 20:37:56.443 [main] INFO  o.s.boot.web.embedded.tomcat.TomcatWebServer - Tomcat initialized with port(s): 8081 (http)
2021-03-15 20:37:56.450 [main] INFO  org.apache.coyote.http11.Http11NioProtocol - Initializing ProtocolHandler ["http-nio-8081"]
2021-03-15 20:37:56.451 [main] INFO  org.apache.catalina.core.StandardService - Starting service [Tomcat]
2021-03-15 20:37:56.451 [main] INFO  org.apache.catalina.core.StandardEngine - Starting Servlet engine: [Apache Tomcat/9.0.38]
2021-03-15 20:37:56.533 [main] INFO  o.a.c.core.ContainerBase.[Tomcat].[localhost].[/] - Initializing Spring embedded WebApplicationContext
2021-03-15 20:37:56.534 [main] INFO  o.s.b.w.s.c.ServletWebServerApplicationContext - Root WebApplicationContext: initialization completed in 1612 ms
2021-03-15 20:37:57.695 [main] INFO  s.d.s.w.PropertySourcedRequestMappingHandlerMapping - Mapped URL path [/v2/api-docs] onto method [springfox.documentation.swagger2.web.Swagger2Controller#getDocumentation(String, HttpServletRequest)]
2021-03-15 20:37:57.764 [main] INFO  o.s.scheduling.concurrent.ThreadPoolTaskExecutor - Initializing ExecutorService 'applicationTaskExecutor'
2021-03-15 20:37:57.976 [main] INFO  org.apache.coyote.http11.Http11NioProtocol - Starting ProtocolHandler ["http-nio-8081"]
2021-03-15 20:37:57.998 [main] INFO  o.s.boot.web.embedded.tomcat.TomcatWebServer - Tomcat started on port(s): 8081 (http) with context path ''
2021-03-15 20:37:57.999 [main] INFO  s.d.s.web.plugins.DocumentationPluginsBootstrapper - Context refreshed
2021-03-15 20:37:58.012 [main] INFO  s.d.s.web.plugins.DocumentationPluginsBootstrapper - Found 1 custom documentation plugin(s)
2021-03-15 20:37:58.043 [main] INFO  s.d.spring.web.scanners.ApiListingReferenceScanner - Scanning for api listing references
2021-03-15 20:37:58.168 [main] INFO  com.sise.wangzhan.generator.GeneratorApplication - Started GeneratorApplication in 4.068 seconds (JVM running for 5.012)
2021-03-15 20:38:17.656 [http-nio-8081-exec-1] INFO  o.a.c.core.ContainerBase.[Tomcat].[localhost].[/] - Initializing Spring DispatcherServlet 'dispatcherServlet'
2021-03-15 20:38:17.656 [http-nio-8081-exec-1] INFO  org.springframework.web.servlet.DispatcherServlet - Initializing Servlet 'dispatcherServlet'
2021-03-15 20:38:17.663 [http-nio-8081-exec-1] INFO  org.springframework.web.servlet.DispatcherServlet - Completed initialization in 7 ms
2021-03-15 20:38:17.785 [http-nio-8081-exec-1] INFO  com.zaxxer.hikari.HikariDataSource - HikariPool-1 - Starting...
2021-03-15 20:38:17.903 [http-nio-8081-exec-1] INFO  com.zaxxer.hikari.HikariDataSource - HikariPool-1 - Start completed.
2021-03-15 20:46:24.171 [main] INFO  com.sise.wangzhan.generator.GeneratorApplication - Starting GeneratorApplication on DESKTOP-BC3OTIJ with PID 17128 (E:\software\IDEA\vue_GraduationProjectTest\generator\target\classes started by acer in E:\software\IDEA\vue_GraduationProjectTest\generator)
2021-03-15 20:46:24.175 [main] INFO  com.sise.wangzhan.generator.GeneratorApplication - The following profiles are active: dev
2021-03-15 20:46:25.688 [main] INFO  o.s.boot.web.embedded.tomcat.TomcatWebServer - Tomcat initialized with port(s): 8081 (http)
2021-03-15 20:46:25.701 [main] INFO  org.apache.coyote.http11.Http11NioProtocol - Initializing ProtocolHandler ["http-nio-8081"]
2021-03-15 20:46:25.703 [main] INFO  org.apache.catalina.core.StandardService - Starting service [Tomcat]
2021-03-15 20:46:25.703 [main] INFO  org.apache.catalina.core.StandardEngine - Starting Servlet engine: [Apache Tomcat/9.0.38]
2021-03-15 20:46:25.830 [main] INFO  o.a.c.core.ContainerBase.[Tomcat].[localhost].[/] - Initializing Spring embedded WebApplicationContext
2021-03-15 20:46:25.831 [main] INFO  o.s.b.w.s.c.ServletWebServerApplicationContext - Root WebApplicationContext: initialization completed in 1593 ms
2021-03-15 20:46:27.305 [main] INFO  s.d.s.w.PropertySourcedRequestMappingHandlerMapping - Mapped URL path [/v2/api-docs] onto method [springfox.documentation.swagger2.web.Swagger2Controller#getDocumentation(String, HttpServletRequest)]
2021-03-15 20:46:27.382 [main] INFO  o.s.scheduling.concurrent.ThreadPoolTaskExecutor - Initializing ExecutorService 'applicationTaskExecutor'
2021-03-15 20:46:27.672 [main] INFO  org.apache.coyote.http11.Http11NioProtocol - Starting ProtocolHandler ["http-nio-8081"]
2021-03-15 20:46:27.695 [main] INFO  o.s.boot.web.embedded.tomcat.TomcatWebServer - Tomcat started on port(s): 8081 (http) with context path ''
2021-03-15 20:46:27.697 [main] INFO  s.d.s.web.plugins.DocumentationPluginsBootstrapper - Context refreshed
2021-03-15 20:46:27.718 [main] INFO  s.d.s.web.plugins.DocumentationPluginsBootstrapper - Found 1 custom documentation plugin(s)
2021-03-15 20:46:27.751 [main] INFO  s.d.spring.web.scanners.ApiListingReferenceScanner - Scanning for api listing references
2021-03-15 20:46:27.882 [main] INFO  com.sise.wangzhan.generator.GeneratorApplication - Started GeneratorApplication in 4.326 seconds (JVM running for 5.465)
2021-03-15 20:48:00.893 [http-nio-8081-exec-1] INFO  o.a.c.core.ContainerBase.[Tomcat].[localhost].[/] - Initializing Spring DispatcherServlet 'dispatcherServlet'
2021-03-15 20:48:00.893 [http-nio-8081-exec-1] INFO  org.springframework.web.servlet.DispatcherServlet - Initializing Servlet 'dispatcherServlet'
2021-03-15 20:48:00.897 [http-nio-8081-exec-1] INFO  org.springframework.web.servlet.DispatcherServlet - Completed initialization in 4 ms
2021-03-15 20:48:01.016 [http-nio-8081-exec-1] INFO  com.zaxxer.hikari.HikariDataSource - HikariPool-1 - Starting...
2021-03-15 20:48:01.134 [http-nio-8081-exec-1] INFO  com.zaxxer.hikari.HikariDataSource - HikariPool-1 - Start completed.
2021-03-15 20:49:04.477 [main] INFO  com.sise.wangzhan.generator.GeneratorApplication - Starting GeneratorApplication on DESKTOP-BC3OTIJ with PID 18420 (E:\software\IDEA\vue_GraduationProjectTest\generator\target\classes started by acer in E:\software\IDEA\vue_GraduationProjectTest\generator)
2021-03-15 20:49:04.481 [main] INFO  com.sise.wangzhan.generator.GeneratorApplication - The following profiles are active: dev
2021-03-15 20:49:06.243 [main] INFO  o.s.boot.web.embedded.tomcat.TomcatWebServer - Tomcat initialized with port(s): 8081 (http)
2021-03-15 20:49:06.254 [main] INFO  org.apache.coyote.http11.Http11NioProtocol - Initializing ProtocolHandler ["http-nio-8081"]
2021-03-15 20:49:06.255 [main] INFO  org.apache.catalina.core.StandardService - Starting service [Tomcat]
2021-03-15 20:49:06.255 [main] INFO  org.apache.catalina.core.StandardEngine - Starting Servlet engine: [Apache Tomcat/9.0.38]
2021-03-15 20:49:06.354 [main] INFO  o.a.c.core.ContainerBase.[Tomcat].[localhost].[/] - Initializing Spring embedded WebApplicationContext
2021-03-15 20:49:06.354 [main] INFO  o.s.b.w.s.c.ServletWebServerApplicationContext - Root WebApplicationContext: initialization completed in 1789 ms
2021-03-15 20:49:07.728 [main] INFO  s.d.s.w.PropertySourcedRequestMappingHandlerMapping - Mapped URL path [/v2/api-docs] onto method [springfox.documentation.swagger2.web.Swagger2Controller#getDocumentation(String, HttpServletRequest)]
2021-03-15 20:49:07.803 [main] INFO  o.s.scheduling.concurrent.ThreadPoolTaskExecutor - Initializing ExecutorService 'applicationTaskExecutor'
2021-03-15 20:49:08.029 [main] INFO  org.apache.coyote.http11.Http11NioProtocol - Starting ProtocolHandler ["http-nio-8081"]
2021-03-15 20:49:08.053 [main] INFO  o.s.boot.web.embedded.tomcat.TomcatWebServer - Tomcat started on port(s): 8081 (http) with context path ''
2021-03-15 20:49:08.055 [main] INFO  s.d.s.web.plugins.DocumentationPluginsBootstrapper - Context refreshed
2021-03-15 20:49:08.071 [main] INFO  s.d.s.web.plugins.DocumentationPluginsBootstrapper - Found 1 custom documentation plugin(s)
2021-03-15 20:49:08.103 [main] INFO  s.d.spring.web.scanners.ApiListingReferenceScanner - Scanning for api listing references
2021-03-15 20:49:08.216 [main] INFO  com.sise.wangzhan.generator.GeneratorApplication - Started GeneratorApplication in 4.472 seconds (JVM running for 5.854)
2021-03-15 20:50:48.769 [http-nio-8081-exec-1] INFO  o.a.c.core.ContainerBase.[Tomcat].[localhost].[/] - Initializing Spring DispatcherServlet 'dispatcherServlet'
2021-03-15 20:50:48.770 [http-nio-8081-exec-1] INFO  org.springframework.web.servlet.DispatcherServlet - Initializing Servlet 'dispatcherServlet'
2021-03-15 20:50:48.781 [http-nio-8081-exec-1] INFO  org.springframework.web.servlet.DispatcherServlet - Completed initialization in 11 ms
2021-03-15 20:50:48.910 [http-nio-8081-exec-1] INFO  com.zaxxer.hikari.HikariDataSource - HikariPool-1 - Starting...
2021-03-15 20:50:49.044 [http-nio-8081-exec-1] INFO  com.zaxxer.hikari.HikariDataSource - HikariPool-1 - Start completed.
2021-03-15 20:52:12.878 [main] INFO  com.sise.wangzhan.generator.GeneratorApplication - Starting GeneratorApplication on DESKTOP-BC3OTIJ with PID 23448 (E:\software\IDEA\vue_GraduationProjectTest\generator\target\classes started by acer in E:\software\IDEA\vue_GraduationProjectTest\generator)
2021-03-15 20:52:12.884 [main] INFO  com.sise.wangzhan.generator.GeneratorApplication - The following profiles are active: dev
2021-03-15 20:52:14.883 [main] INFO  o.s.boot.web.embedded.tomcat.TomcatWebServer - Tomcat initialized with port(s): 8081 (http)
2021-03-15 20:52:14.893 [main] INFO  org.apache.coyote.http11.Http11NioProtocol - Initializing ProtocolHandler ["http-nio-8081"]
2021-03-15 20:52:14.894 [main] INFO  org.apache.catalina.core.StandardService - Starting service [Tomcat]
2021-03-15 20:52:14.894 [main] INFO  org.apache.catalina.core.StandardEngine - Starting Servlet engine: [Apache Tomcat/9.0.38]
2021-03-15 20:52:14.996 [main] INFO  o.a.c.core.ContainerBase.[Tomcat].[localhost].[/] - Initializing Spring embedded WebApplicationContext
2021-03-15 20:52:14.997 [main] INFO  o.s.b.w.s.c.ServletWebServerApplicationContext - Root WebApplicationContext: initialization completed in 1981 ms
2021-03-15 20:52:16.367 [main] INFO  s.d.s.w.PropertySourcedRequestMappingHandlerMapping - Mapped URL path [/v2/api-docs] onto method [springfox.documentation.swagger2.web.Swagger2Controller#getDocumentation(String, HttpServletRequest)]
2021-03-15 20:52:16.481 [main] INFO  o.s.scheduling.concurrent.ThreadPoolTaskExecutor - Initializing ExecutorService 'applicationTaskExecutor'
2021-03-15 20:52:16.763 [main] INFO  org.apache.coyote.http11.Http11NioProtocol - Starting ProtocolHandler ["http-nio-8081"]
2021-03-15 20:52:16.796 [main] INFO  o.s.boot.web.embedded.tomcat.TomcatWebServer - Tomcat started on port(s): 8081 (http) with context path ''
2021-03-15 20:52:16.797 [main] INFO  s.d.s.web.plugins.DocumentationPluginsBootstrapper - Context refreshed
2021-03-15 20:52:16.821 [main] INFO  s.d.s.web.plugins.DocumentationPluginsBootstrapper - Found 1 custom documentation plugin(s)
2021-03-15 20:52:16.862 [main] INFO  s.d.spring.web.scanners.ApiListingReferenceScanner - Scanning for api listing references
2021-03-15 20:52:17.028 [main] INFO  com.sise.wangzhan.generator.GeneratorApplication - Started GeneratorApplication in 4.883 seconds (JVM running for 6.384)
2021-03-15 20:52:41.512 [main] INFO  com.sise.wangzhan.generator.GeneratorApplication - Starting GeneratorApplication on DESKTOP-BC3OTIJ with PID 23768 (E:\software\IDEA\vue_GraduationProjectTest\generator\target\classes started by acer in E:\software\IDEA\vue_GraduationProjectTest\generator)
2021-03-15 20:52:41.522 [main] INFO  com.sise.wangzhan.generator.GeneratorApplication - The following profiles are active: dev
2021-03-15 20:52:43.345 [main] INFO  o.s.boot.web.embedded.tomcat.TomcatWebServer - Tomcat initialized with port(s): 8081 (http)
2021-03-15 20:52:43.353 [main] INFO  org.apache.coyote.http11.Http11NioProtocol - Initializing ProtocolHandler ["http-nio-8081"]
2021-03-15 20:52:43.354 [main] INFO  org.apache.catalina.core.StandardService - Starting service [Tomcat]
2021-03-15 20:52:43.355 [main] INFO  org.apache.catalina.core.StandardEngine - Starting Servlet engine: [Apache Tomcat/9.0.38]
2021-03-15 20:52:43.442 [main] INFO  o.a.c.core.ContainerBase.[Tomcat].[localhost].[/] - Initializing Spring embedded WebApplicationContext
2021-03-15 20:52:43.442 [main] INFO  o.s.b.w.s.c.ServletWebServerApplicationContext - Root WebApplicationContext: initialization completed in 1809 ms
2021-03-15 20:52:44.699 [main] INFO  s.d.s.w.PropertySourcedRequestMappingHandlerMapping - Mapped URL path [/v2/api-docs] onto method [springfox.documentation.swagger2.web.Swagger2Controller#getDocumentation(String, HttpServletRequest)]
2021-03-15 20:52:44.777 [main] INFO  o.s.scheduling.concurrent.ThreadPoolTaskExecutor - Initializing ExecutorService 'applicationTaskExecutor'
2021-03-15 20:52:45.035 [main] INFO  org.apache.coyote.http11.Http11NioProtocol - Starting ProtocolHandler ["http-nio-8081"]
2021-03-15 20:52:45.065 [main] INFO  o.s.boot.web.embedded.tomcat.TomcatWebServer - Tomcat started on port(s): 8081 (http) with context path ''
2021-03-15 20:52:45.066 [main] INFO  s.d.s.web.plugins.DocumentationPluginsBootstrapper - Context refreshed
2021-03-15 20:52:45.084 [main] INFO  s.d.s.web.plugins.DocumentationPluginsBootstrapper - Found 1 custom documentation plugin(s)
2021-03-15 20:52:45.126 [main] INFO  s.d.spring.web.scanners.ApiListingReferenceScanner - Scanning for api listing references
2021-03-15 20:52:45.272 [main] INFO  com.sise.wangzhan.generator.GeneratorApplication - Started GeneratorApplication in 4.448 seconds (JVM running for 5.756)
2021-03-15 20:53:04.432 [http-nio-8081-exec-1] INFO  o.a.c.core.ContainerBase.[Tomcat].[localhost].[/] - Initializing Spring DispatcherServlet 'dispatcherServlet'
2021-03-15 20:53:04.433 [http-nio-8081-exec-1] INFO  org.springframework.web.servlet.DispatcherServlet - Initializing Servlet 'dispatcherServlet'
2021-03-15 20:53:04.442 [http-nio-8081-exec-1] INFO  org.springframework.web.servlet.DispatcherServlet - Completed initialization in 9 ms
2021-03-15 20:53:04.553 [http-nio-8081-exec-1] INFO  com.zaxxer.hikari.HikariDataSource - HikariPool-1 - Starting...
2021-03-15 20:53:04.691 [http-nio-8081-exec-1] INFO  com.zaxxer.hikari.HikariDataSource - HikariPool-1 - Start completed.
